Determining if the pthread_create exist failed with the following output:
Change Dir: /home/admin-seu/TempData/sss/custom_ops/deformable_conv2d_ops_new/build/CMakeFiles/CMakeTmp

Run Build Command:"/usr/bin/make" "cmTC_94900/fast"
/usr/bin/make -f CMakeFiles/cmTC_94900.dir/build.make CMakeFiles/cmTC_94900.dir/build
make[1]: Entering directory '/home/admin-seu/TempData/sss/custom_ops/deformable_conv2d_ops_new/build/CMakeFiles/CMakeTmp'
Building C object CMakeFiles/cmTC_94900.dir/CheckSymbolExists.c.o
/usr/bin/cc   -fPIC    -o CMakeFiles/cmTC_94900.dir/CheckSymbolExists.c.o   -c /home/admin-seu/TempData/sss/custom_ops/deformable_conv2d_ops_new/build/CMakeFiles/CMakeTmp/CheckSymbolExists.c
Linking C executable cmTC_94900
/usr/bin/cmake -E cmake_link_script CMakeFiles/cmTC_94900.dir/link.txt --verbose=1
/usr/bin/cc -fPIC     CMakeFiles/cmTC_94900.dir/CheckSymbolExists.c.o  -o cmTC_94900 
CMakeFiles/cmTC_94900.dir/CheckSymbolExists.c.o: In function `main':
CheckSymbolExists.c:(.text+0x1b): undefined reference to `pthread_create'
collect2: error: ld returned 1 exit status
CMakeFiles/cmTC_94900.dir/build.make:97: recipe for target 'cmTC_94900' failed
make[1]: *** [cmTC_94900] Error 1
make[1]: Leaving directory '/home/admin-seu/TempData/sss/custom_ops/deformable_conv2d_ops_new/build/CMakeFiles/CMakeTmp'
Makefile:126: recipe for target 'cmTC_94900/fast' failed
make: *** [cmTC_94900/fast] Error 2

File /home/admin-seu/TempData/sss/custom_ops/deformable_conv2d_ops_new/build/CMakeFiles/CMakeTmp/CheckSymbolExists.c:
/* */
#include <pthread.h>

int main(int argc, char** argv)
{
  (void)argv;
#ifndef pthread_create
  return ((int*)(&pthread_create))[argc];
#else
  (void)argc;
  return 0;
#endif
}

Determining if the function pthread_create exists in the pthreads failed with the following output:
Change Dir: /home/admin-seu/TempData/sss/custom_ops/deformable_conv2d_ops_new/build/CMakeFiles/CMakeTmp

Run Build Command:"/usr/bin/make" "cmTC_74b33/fast"
/usr/bin/make -f CMakeFiles/cmTC_74b33.dir/build.make CMakeFiles/cmTC_74b33.dir/build
make[1]: Entering directory '/home/admin-seu/TempData/sss/custom_ops/deformable_conv2d_ops_new/build/CMakeFiles/CMakeTmp'
Building C object CMakeFiles/cmTC_74b33.dir/CheckFunctionExists.c.o
/usr/bin/cc   -fPIC -DCHECK_FUNCTION_EXISTS=pthread_create   -o CMakeFiles/cmTC_74b33.dir/CheckFunctionExists.c.o   -c /usr/share/cmake-3.10/Modules/CheckFunctionExists.c
Linking C executable cmTC_74b33
/usr/bin/cmake -E cmake_link_script CMakeFiles/cmTC_74b33.dir/link.txt --verbose=1
/usr/bin/cc -fPIC -DCHECK_FUNCTION_EXISTS=pthread_create    CMakeFiles/cmTC_74b33.dir/CheckFunctionExists.c.o  -o cmTC_74b33 -lpthreads 
/usr/bin/ld: cannot find -lpthreads
collect2: error: ld returned 1 exit status
CMakeFiles/cmTC_74b33.dir/build.make:97: recipe for target 'cmTC_74b33' failed
make[1]: *** [cmTC_74b33] Error 1
make[1]: Leaving directory '/home/admin-seu/TempData/sss/custom_ops/deformable_conv2d_ops_new/build/CMakeFiles/CMakeTmp'
Makefile:126: recipe for target 'cmTC_74b33/fast' failed
make: *** [cmTC_74b33/fast] Error 2


