Determining if the pthread_create exist failed with the following output:
Change Dir: /home/admin-seu/TempData/sss/ops/build/CMakeFiles/CMakeTmp

Run Build Command:"/usr/bin/make" "cmTC_dde65/fast"
/usr/bin/make -f CMakeFiles/cmTC_dde65.dir/build.make CMakeFiles/cmTC_dde65.dir/build
make[1]: Entering directory '/home/admin-seu/TempData/sss/ops/build/CMakeFiles/CMakeTmp'
Building C object CMakeFiles/cmTC_dde65.dir/CheckSymbolExists.c.o
/usr/bin/cc   -fPIC    -o CMakeFiles/cmTC_dde65.dir/CheckSymbolExists.c.o   -c /home/admin-seu/TempData/sss/ops/build/CMakeFiles/CMakeTmp/CheckSymbolExists.c
Linking C executable cmTC_dde65
/usr/bin/cmake -E cmake_link_script CMakeFiles/cmTC_dde65.dir/link.txt --verbose=1
/usr/bin/cc -fPIC     CMakeFiles/cmTC_dde65.dir/CheckSymbolExists.c.o  -o cmTC_dde65 
CMakeFiles/cmTC_dde65.dir/CheckSymbolExists.c.o: In function `main':
CheckSymbolExists.c:(.text+0x1b): undefined reference to `pthread_create'
collect2: error: ld returned 1 exit status
CMakeFiles/cmTC_dde65.dir/build.make:97: recipe for target 'cmTC_dde65' failed
make[1]: *** [cmTC_dde65] Error 1
make[1]: Leaving directory '/home/admin-seu/TempData/sss/ops/build/CMakeFiles/CMakeTmp'
Makefile:126: recipe for target 'cmTC_dde65/fast' failed
make: *** [cmTC_dde65/fast] Error 2

File /home/admin-seu/TempData/sss/ops/build/CMakeFiles/CMakeTmp/CheckSymbolExists.c:
/* */
#include <pthread.h>

int main(int argc, char** argv)
{
  (void)argv;
#ifndef pthread_create
  return ((int*)(&pthread_create))[argc];
#else
  (void)argc;
  return 0;
#endif
}

Determining if the function pthread_create exists in the pthreads failed with the following output:
Change Dir: /home/admin-seu/TempData/sss/ops/build/CMakeFiles/CMakeTmp

Run Build Command:"/usr/bin/make" "cmTC_55a78/fast"
/usr/bin/make -f CMakeFiles/cmTC_55a78.dir/build.make CMakeFiles/cmTC_55a78.dir/build
make[1]: Entering directory '/home/admin-seu/TempData/sss/ops/build/CMakeFiles/CMakeTmp'
Building C object CMakeFiles/cmTC_55a78.dir/CheckFunctionExists.c.o
/usr/bin/cc   -fPIC -DCHECK_FUNCTION_EXISTS=pthread_create   -o CMakeFiles/cmTC_55a78.dir/CheckFunctionExists.c.o   -c /usr/share/cmake-3.10/Modules/CheckFunctionExists.c
Linking C executable cmTC_55a78
/usr/bin/cmake -E cmake_link_script CMakeFiles/cmTC_55a78.dir/link.txt --verbose=1
/usr/bin/cc -fPIC -DCHECK_FUNCTION_EXISTS=pthread_create    CMakeFiles/cmTC_55a78.dir/CheckFunctionExists.c.o  -o cmTC_55a78 -lpthreads 
/usr/bin/ld: cannot find -lpthreads
collect2: error: ld returned 1 exit status
CMakeFiles/cmTC_55a78.dir/build.make:97: recipe for target 'cmTC_55a78' failed
make[1]: *** [cmTC_55a78] Error 1
make[1]: Leaving directory '/home/admin-seu/TempData/sss/ops/build/CMakeFiles/CMakeTmp'
Makefile:126: recipe for target 'cmTC_55a78/fast' failed
make: *** [cmTC_55a78/fast] Error 2


